<?xml version="1.0" encoding="UTF-8"?>
<!-- Generated by org.testng.reporters.JUnitXMLReporter -->
<testsuite hostname="sumaia-HP" name="Test" tests="3" failures="0" timestamp="16 Aug 2015 07:35:44 GMT" time="0.037" errors="0">
  <testcase name="@BeforeClass beforeTest" time="0.0" classname="Prioritizing_Secuency.PrioritizingExample">
    <failure type="org.testng.TestNGException" message="
Parameter &amp;apos;browser&amp;apos; is required by @Configuration on method beforeTest but has not been marked @Optional or defined
in C:\Users\sumaia\Desktop\Java\Multi Browser\testng.xml">
      <![CDATA[org.testng.TestNGException: 
Parameter 'browser' is required by @Configuration on method beforeTest but has not been marked @Optional or defined
in C:\Users\sumaia\Desktop\Java\Multi Browser\testng.xml
... Removed 21 stack frames]]>
    </failure>
  </testcase> <!-- @BeforeClass beforeTest -->
  <testcase name="@AfterClass close" time="0.0" classname="Prioritizing_Secuency.PrioritizingExample">
    <skipped/>
  </testcase> <!-- @AfterClass close -->
  <testcase name="logout" time="0.007" classname="Prioritizing_Secuency.PrioritizingExample">
    <skipped/>
  </testcase> <!-- logout -->
  <testcase name="send" time="0.001" classname="Prioritizing_Secuency.PrioritizingExample">
    <skipped/>
  </testcase> <!-- send -->
  <testcase name="login" time="0.001" classname="Prioritizing_Secuency.PrioritizingExample">
    <skipped/>
  </testcase> <!-- login -->
</testsuite> <!-- Test -->
